This file contains any messages produced by compilers while
running configure, to aid debugging if configure makes a mistake.

It was created by configure, which was
generated by GNU Autoconf 2.60.  Invocation command line was

  $ ./configure 

## --------- ##
## Platform. ##
## --------- ##

hostname = vatu.n2systems.com
uname -m = Power Macintosh
uname -r = 8.9.0
uname -s = Darwin
uname -v = Darwin Kernel Version 8.9.0: Thu Feb 22 20:54:07 PST 2007; root:xnu-792.17.14~1/RELEASE_PPC

/usr/bin/uname -p = powerpc
/bin/uname -X     = unknown

/bin/arch              = unknown
/usr/bin/arch -k       = unknown
/usr/convex/getsysinfo = unknown
/usr/bin/hostinfo      = Mach kernel version:
	 Darwin Kernel Version 8.9.0: Thu Feb 22 20:54:07 PST 2007; root:xnu-792.17.14~1/RELEASE_PPC
Kernel configured for a single processor only.
1 processor is physically available.
Processor type: ppc7450 (PowerPC 7450)
Processor active: 0
Primary memory available: 1.50 gigabytes
Default processor set: 98 tasks, 440 threads, 1 processors
Load average: 3.07, Mach factor: 0.24
/bin/machine           = unknown
/usr/bin/oslevel       = unknown
/bin/universe          = unknown

PATH: /Users/evan/bin
PATH: /usr/local/bin
PATH: /opt/local/bin
PATH: /usr/local/mysql/bin
PATH: /usr/bin
PATH: /bin
PATH: /usr/sbin
PATH: /sbin


## ----------- ##
## Core tests. ##
## ----------- ##

configure:1956: checking for a BSD-compatible install
configure:2012: result: /usr/bin/install -c
configure:2023: checking whether build environment is sane
configure:2066: result: yes
configure:2131: checking for gawk
configure:2161: result: no
configure:2131: checking for mawk
configure:2161: result: no
configure:2131: checking for nawk
configure:2161: result: no
configure:2131: checking for awk
configure:2147: found /usr/bin/awk
configure:2158: result: awk
configure:2169: checking whether make sets $(MAKE)
configure:2190: result: yes
configure:2376: checking whether to enable maintainer-specific portions of Makefiles
configure:2385: result: no
configure:2453: checking for gcc
configure:2469: found /usr/bin/gcc
configure:2480: result: gcc
configure:2718: checking for C compiler version
configure:2725: gcc --version >&5
powerpc-apple-darwin8-gcc-4.0.0 (GCC) 4.0.0 (Apple Computer, Inc. build 5026)
Copyright (C) 2005 Free Software Foundation, Inc.
This is free software; see the source for copying conditions.  There is NO
warranty; not even for MERCHANTABILITY or FITNESS FOR A PARTICULAR PURPOSE.

configure:2728: $? = 0
configure:2735: gcc -v >&5
Using built-in specs.
Target: powerpc-apple-darwin8
Configured with: /private/var/tmp/gcc/gcc-5026.obj~19/src/configure --disable-checking --prefix=/usr --mandir=/share/man --enable-languages=c,objc,c++,obj-c++ --program-transform-name=/^[cg][^+.-]*$/s/$/-4.0/ --with-gxx-include-dir=/include/gcc/darwin/4.0/c++ --build=powerpc-apple-darwin8 --host=powerpc-apple-darwin8 --target=powerpc-apple-darwin8
Thread model: posix
gcc version 4.0.0 (Apple Computer, Inc. build 5026)
configure:2738: $? = 0
configure:2745: gcc -V >&5
gcc: argument to `-V' is missing
configure:2748: $? = 1
configure:2771: checking for C compiler default output file name
configure:2798: gcc    conftest.c  >&5
configure:2801: $? = 0
configure:2847: result: a.out
configure:2852: checking whether the C compiler works
configure:2862: ./a.out
configure:2865: $? = 0
configure:2882: result: yes
configure:2889: checking whether we are cross compiling
configure:2891: result: no
configure:2894: checking for suffix of executables
configure:2901: gcc -o conftest    conftest.c  >&5
configure:2904: $? = 0
configure:2928: result: 
configure:2934: checking for suffix of object files
configure:2960: gcc -c   conftest.c >&5
configure:2963: $? = 0
configure:2986: result: o
configure:2990: checking whether we are using the GNU C compiler
configure:3019: gcc -c   conftest.c >&5
configure:3025: $? = 0
configure:3032: test -z "$ac_c_werror_flag" || test ! -s conftest.err
configure:3035: $? = 0
configure:3042: test -s conftest.o
configure:3045: $? = 0
configure:3059: result: yes
configure:3064: checking whether gcc accepts -g
configure:3094: gcc -c -g  conftest.c >&5
configure:3100: $? = 0
configure:3107: test -z "$ac_c_werror_flag" || test ! -s conftest.err
configure:3110: $? = 0
configure:3117: test -s conftest.o
configure:3120: $? = 0
configure:3250: result: yes
configure:3267: checking for gcc option to accept ISO C89
configure:3341: gcc  -c -g -O2  conftest.c >&5
configure:3347: $? = 0
configure:3354: test -z "$ac_c_werror_flag" || test ! -s conftest.err
configure:3357: $? = 0
configure:3364: test -s conftest.o
configure:3367: $? = 0
configure:3387: result: none needed
configure:3416: checking for style of include used by make
configure:3444: result: GNU
configure:3472: checking dependency style of gcc
configure:3562: result: none
configure:3592: checking for a BSD-compatible install
configure:3648: result: /usr/bin/install -c
configure:3659: checking whether ln -s works
configure:3663: result: yes
configure:3677: checking how to run the C preprocessor
configure:3717: gcc -E  conftest.c
configure:3723: $? = 0
configure:3761: gcc -E  conftest.c
conftest.c:10:28: error: ac_nonexistent.h: No such file or directory
configure:3767: $? = 1
configure: failed program was:
| /* confdefs.h.  */
| #define PACKAGE_NAME ""
| #define PACKAGE_TARNAME ""
| #define PACKAGE_VERSION ""
| #define PACKAGE_STRING ""
| #define PACKAGE_BUGREPORT ""
| #define PACKAGE "libevent"
| #define VERSION "1.3b"
| /* end confdefs.h.  */
| #include <ac_nonexistent.h>
configure:3807: result: gcc -E
configure:3836: gcc -E  conftest.c
configure:3842: $? = 0
configure:3880: gcc -E  conftest.c
conftest.c:10:28: error: ac_nonexistent.h: No such file or directory
configure:3886: $? = 1
configure: failed program was:
| /* confdefs.h.  */
| #define PACKAGE_NAME ""
| #define PACKAGE_TARNAME ""
| #define PACKAGE_VERSION ""
| #define PACKAGE_STRING ""
| #define PACKAGE_BUGREPORT ""
| #define PACKAGE "libevent"
| #define VERSION "1.3b"
| /* end confdefs.h.  */
| #include <ac_nonexistent.h>
configure:3931: checking for grep that handles long lines and -e
configure:4005: result: /usr/bin/grep
configure:4010: checking for egrep
configure:4088: result: /usr/bin/grep -E
configure:4094: checking whether gcc needs -traditional
conftest.c:10:20: error: termio.h: No such file or directory
configure:4136: result: no
configure:4225: checking build system type
configure:4243: result: powerpc-apple-darwin8.9.0
configure:4265: checking host system type
configure:4280: result: powerpc-apple-darwin8.9.0
configure:4302: checking for a sed that does not truncate output
configure:4356: result: /usr/bin/sed
configure:4370: checking for ld used by gcc
configure:4437: result: /usr/bin/ld
configure:4446: checking if the linker (/usr/bin/ld) is GNU ld
configure:4461: result: no
configure:4466: checking for /usr/bin/ld option to reload object files
configure:4473: result: -r
configure:4491: checking for BSD-compatible nm
configure:4540: result: /usr/bin/nm -p
configure:4544: checking how to recognise dependent libraries
configure:4720: result: pass_all
configure:4964: checking for ANSI C header files
configure:4994: gcc -c -g -O2 -Wall  conftest.c >&5
configure:5000: $? = 0
configure:5007: test -z "$ac_c_werror_flag" || test ! -s conftest.err
configure:5010: $? = 0
configure:5017: test -s conftest.o
configure:5020: $? = 0
configure:5113: gcc -o conftest -g -O2 -Wall   conftest.c  >&5
configure:5116: $? = 0
configure:5122: ./conftest
configure:5125: $? = 0
configure:5142: result: yes
configure:5166: checking for sys/types.h
configure:5187: gcc -c -g -O2 -Wall  conftest.c >&5
configure:5193: $? = 0
configure:5200: test -z "$ac_c_werror_flag" || test ! -s conftest.err
configure:5203: $? = 0
configure:5210: test -s conftest.o
configure:5213: $? = 0
configure:5226: result: yes
configure:5166: checking for sys/stat.h
configure:5187: gcc -c -g -O2 -Wall  conftest.c >&5
configure:5193: $? = 0
configure:5200: test -z "$ac_c_werror_flag" || test ! -s conftest.err
configure:5203: $? = 0
configure:5210: test -s conftest.o
configure:5213: $? = 0
configure:5226: result: yes
configure:5166: checking for stdlib.h
configure:5187: gcc -c -g -O2 -Wall  conftest.c >&5
configure:5193: $? = 0
configure:5200: test -z "$ac_c_werror_flag" || test ! -s conftest.err
configure:5203: $? = 0
configure:5210: test -s conftest.o
configure:5213: $? = 0
configure:5226: result: yes
configure:5166: checking for string.h
configure:5187: gcc -c -g -O2 -Wall  conftest.c >&5
configure:5193: $? = 0
configure:5200: test -z "$ac_c_werror_flag" || test ! -s conftest.err
configure:5203: $? = 0
configure:5210: test -s conftest.o
configure:5213: $? = 0
configure:5226: result: yes
configure:5166: checking for memory.h
configure:5187: gcc -c -g -O2 -Wall  conftest.c >&5
configure:5193: $? = 0
configure:5200: test -z "$ac_c_werror_flag" || test ! -s conftest.err
configure:5203: $? = 0
configure:5210: test -s conftest.o
configure:5213: $? = 0
configure:5226: result: yes
configure:5166: checking for strings.h
configure:5187: gcc -c -g -O2 -Wall  conftest.c >&5
configure:5193: $? = 0
configure:5200: test -z "$ac_c_werror_flag" || test ! -s conftest.err
configure:5203: $? = 0
configure:5210: test -s conftest.o
configure:5213: $? = 0
configure:5226: result: yes
configure:5166: checking for inttypes.h
configure:5187: gcc -c -g -O2 -Wall  conftest.c >&5
configure:5193: $? = 0
configure:5200: test -z "$ac_c_werror_flag" || test ! -s conftest.err
configure:5203: $? = 0
configure:5210: test -s conftest.o
configure:5213: $? = 0
configure:5226: result: yes
configure:5166: checking for stdint.h
configure:5187: gcc -c -g -O2 -Wall  conftest.c >&5
configure:5193: $? = 0
configure:5200: test -z "$ac_c_werror_flag" || test ! -s conftest.err
configure:5203: $? = 0
configure:5210: test -s conftest.o
configure:5213: $? = 0
configure:5226: result: yes
configure:5166: checking for unistd.h
configure:5187: gcc -c -g -O2 -Wall  conftest.c >&5
configure:5193: $? = 0
configure:5200: test -z "$ac_c_werror_flag" || test ! -s conftest.err
configure:5203: $? = 0
configure:5210: test -s conftest.o
configure:5213: $? = 0
configure:5226: result: yes
configure:5253: checking dlfcn.h usability
configure:5270: gcc -c -g -O2 -Wall  conftest.c >&5
configure:5276: $? = 0
configure:5283: test -z "$ac_c_werror_flag" || test ! -s conftest.err
configure:5286: $? = 0
configure:5293: test -s conftest.o
configure:5296: $? = 0
configure:5307: result: yes
configure:5311: checking dlfcn.h presence
configure:5326: gcc -E  conftest.c
configure:5332: $? = 0
configure:5353: result: yes
configure:5381: checking for dlfcn.h
configure:5389: result: yes
configure:5460: checking for g++
configure:5476: found /usr/bin/g++
configure:5487: result: g++
configure:5518: checking for C++ compiler version
configure:5525: g++ --version >&5
powerpc-apple-darwin8-g++-4.0.0 (GCC) 4.0.0 (Apple Computer, Inc. build 5026)
Copyright (C) 2005 Free Software Foundation, Inc.
This is free software; see the source for copying conditions.  There is NO
warranty; not even for MERCHANTABILITY or FITNESS FOR A PARTICULAR PURPOSE.

configure:5528: $? = 0
configure:5535: g++ -v >&5
Using built-in specs.
Target: powerpc-apple-darwin8
Configured with: /private/var/tmp/gcc/gcc-5026.obj~19/src/configure --disable-checking --prefix=/usr --mandir=/share/man --enable-languages=c,objc,c++,obj-c++ --program-transform-name=/^[cg][^+.-]*$/s/$/-4.0/ --with-gxx-include-dir=/include/gcc/darwin/4.0/c++ --build=powerpc-apple-darwin8 --host=powerpc-apple-darwin8 --target=powerpc-apple-darwin8
Thread model: posix
gcc version 4.0.0 (Apple Computer, Inc. build 5026)
configure:5538: $? = 0
configure:5545: g++ -V >&5
g++: argument to `-V' is missing
configure:5548: $? = 1
configure:5551: checking whether we are using the GNU C++ compiler
configure:5580: g++ -c   conftest.cpp >&5
configure:5586: $? = 0
configure:5593: test -z "$ac_cxx_werror_flag" || test ! -s conftest.err
configure:5596: $? = 0
configure:5603: test -s conftest.o
configure:5606: $? = 0
configure:5620: result: yes
configure:5625: checking whether g++ accepts -g
configure:5655: g++ -c -g  conftest.cpp >&5
configure:5661: $? = 0
configure:5668: test -z "$ac_cxx_werror_flag" || test ! -s conftest.err
configure:5671: $? = 0
configure:5678: test -s conftest.o
configure:5681: $? = 0
configure:5811: result: yes
configure:5836: checking dependency style of g++
configure:5926: result: none
configure:5953: checking how to run the C++ preprocessor
configure:5989: g++ -E  conftest.cpp
configure:5995: $? = 0
configure:6033: g++ -E  conftest.cpp
conftest.cpp:21:28: error: ac_nonexistent.h: No such file or directory
configure:6039: $? = 1
configure: failed program was:
| /* confdefs.h.  */
| #define PACKAGE_NAME ""
| #define PACKAGE_TARNAME ""
| #define PACKAGE_VERSION ""
| #define PACKAGE_STRING ""
| #define PACKAGE_BUGREPORT ""
| #define PACKAGE "libevent"
| #define VERSION "1.3b"
| #define STDC_HEADERS 1
| #define HAVE_SYS_TYPES_H 1
| #define HAVE_SYS_STAT_H 1
| #define HAVE_STDLIB_H 1
| #define HAVE_STRING_H 1
| #define HAVE_MEMORY_H 1
| #define HAVE_STRINGS_H 1
| #define HAVE_INTTYPES_H 1
| #define HAVE_STDINT_H 1
| #define HAVE_UNISTD_H 1
| #define HAVE_DLFCN_H 1
| /* end confdefs.h.  */
| #include <ac_nonexistent.h>
configure:6079: result: g++ -E
configure:6108: g++ -E  conftest.cpp
configure:6114: $? = 0
configure:6152: g++ -E  conftest.cpp
conftest.cpp:21:28: error: ac_nonexistent.h: No such file or directory
configure:6158: $? = 1
configure: failed program was:
| /* confdefs.h.  */
| #define PACKAGE_NAME ""
| #define PACKAGE_TARNAME ""
| #define PACKAGE_VERSION ""
| #define PACKAGE_STRING ""
| #define PACKAGE_BUGREPORT ""
| #define PACKAGE "libevent"
| #define VERSION "1.3b"
| #define STDC_HEADERS 1
| #define HAVE_SYS_TYPES_H 1
| #define HAVE_SYS_STAT_H 1
| #define HAVE_STDLIB_H 1
| #define HAVE_STRING_H 1
| #define HAVE_MEMORY_H 1
| #define HAVE_STRINGS_H 1
| #define HAVE_INTTYPES_H 1
| #define HAVE_STDINT_H 1
| #define HAVE_UNISTD_H 1
| #define HAVE_DLFCN_H 1
| /* end confdefs.h.  */
| #include <ac_nonexistent.h>
configure:6258: checking for g77
configure:6288: result: no
configure:6258: checking for f77
configure:6288: result: no
configure:6258: checking for xlf
configure:6288: result: no
configure:6258: checking for frt
configure:6288: result: no
configure:6258: checking for pgf77
configure:6288: result: no
configure:6258: checking for cf77
configure:6288: result: no
configure:6258: checking for fort77
configure:6288: result: no
configure:6258: checking for fl32
configure:6288: result: no
configure:6258: checking for af77
configure:6288: result: no
configure:6258: checking for f90
configure:6288: result: no
configure:6258: checking for xlf90
configure:6288: result: no
configure:6258: checking for pgf90
configure:6288: result: no
configure:6258: checking for pghpf
configure:6288: result: no
configure:6258: checking for epcf90
configure:6288: result: no
configure:6258: checking for gfortran
configure:6288: result: no
configure:6258: checking for g95
configure:6288: result: no
configure:6258: checking for f95
configure:6288: result: no
configure:6258: checking for fort
configure:6288: result: no
configure:6258: checking for xlf95
configure:6288: result: no
configure:6258: checking for ifort
configure:6288: result: no
configure:6258: checking for ifc
configure:6288: result: no
configure:6258: checking for efc
configure:6288: result: no
configure:6258: checking for pgf95
configure:6288: result: no
configure:6258: checking for lf95
configure:6288: result: no
configure:6258: checking for ftn
configure:6288: result: no
configure:6315: checking for Fortran 77 compiler version
configure:6322:  --version >&5
./configure: line 1: --version: command not found
configure:6325: $? = 127
configure:6332:  -v >&5
./configure: line 1: -v: command not found
configure:6335: $? = 127
configure:6342:  -V >&5
./configure: line 1: -V: command not found
configure:6345: $? = 127
configure:6353: checking whether we are using the GNU Fortran 77 compiler
configure:6372:  -c  conftest.F >&5
./configure: line 1: -c: command not found
configure:6378: $? = 127
configure: failed program was:
|       program main
| #ifndef __GNUC__
|        choke me
| #endif
| 
|       end
configure:6412: result: no
configure:6418: checking whether  accepts -g
configure:6435:  -c -g conftest.f >&5
./configure: line 1: -c: command not found
configure:6441: $? = 127
configure: failed program was:
|       program main
| 
|       end
configure:6474: result: no
configure:6504: checking the maximum length of command line arguments
configure:6613: result: 196608
configure:6624: checking command to parse /usr/bin/nm -p output from gcc object
configure:6729: gcc -c -g -O2 -Wall  conftest.c >&5
configure:6732: $? = 0
configure:6736: /usr/bin/nm -p conftest.o \| sed -n -e 's/^.*[ 	]\([BCDEGRST][BCDEGRST]*\)[ 	][ 	]*\([_A-Za-z][_A-Za-z0-9]*\)$/\1 \2 \2/p' \> conftest.nm
configure:6739: $? = 0
cannot find nm_test_var in conftest.nm
configure:6729: gcc -c -g -O2 -Wall  conftest.c >&5
configure:6732: $? = 0
configure:6736: /usr/bin/nm -p conftest.o \| sed -n -e 's/^.*[ 	]\([BCDEGRST][BCDEGRST]*\)[ 	][ 	]*_\([_A-Za-z][_A-Za-z0-9]*\)$/\1 _\2 \2/p' \> conftest.nm
configure:6739: $? = 0
configure:6791: gcc -o conftest -g -O2 -Wall   conftest.c conftstm.o >&5
configure:6794: $? = 0
configure:6832: result: ok
configure:6836: checking for objdir
configure:6851: result: .libs
configure:6943: checking for ar
configure:6959: found /usr/bin/ar
configure:6970: result: ar
configure:7039: checking for ranlib
configure:7055: found /usr/bin/ranlib
configure:7066: result: ranlib
configure:7135: checking for strip
configure:7151: found /usr/bin/strip
configure:7162: result: strip
configure:7448: checking if gcc supports -fno-rtti -fno-exceptions
configure:7469: gcc -c -g -O2 -Wall  -fno-rtti -fno-exceptions conftest.c >&5
cc1: warning: command line option "-fno-rtti" is valid for C++/ObjC++ but not for C
configure:7473: $? = 0
configure:7483: result: no
configure:7498: checking for gcc option to produce PIC
configure:7708: result: -fno-common
configure:7716: checking if gcc PIC flag -fno-common works
configure:7737: gcc -c -g -O2 -Wall  -fno-common -DPIC conftest.c >&5
configure:7741: $? = 0
configure:7751: result: yes
configure:7779: checking if gcc static flag -static works
configure:7807: result: no
configure:7817: checking if gcc supports -c -o file.o
configure:7841: gcc -c -g -O2 -Wall  -o out/conftest2.o conftest.c >&5
configure:7845: $? = 0
configure:7864: result: yes
configure:7890: checking whether the gcc linker (/usr/bin/ld) supports shared libraries
configure:8876: result: yes
configure:8943: checking dynamic linker characteristics
configure:9531: result: darwin8.9.0 dyld
configure:9540: checking how to hardcode library paths into programs
configure:9565: result: immediate
configure:9579: checking whether stripping libraries is possible
configure:9592: result: yes
configure:10497: checking if libtool supports shared libraries
configure:10499: result: yes
configure:10502: checking whether to build shared libraries
configure:10523: result: yes
configure:10526: checking whether to build static libraries
configure:10530: result: yes
configure:10622: creating libtool
configure:11210: checking for ld used by g++
configure:11277: result: /usr/bin/ld
configure:11286: checking if the linker (/usr/bin/ld) is GNU ld
configure:11301: result: no
configure:11352: checking whether the g++ linker (/usr/bin/ld) supports shared libraries
configure:12318: result: yes
configure:12336: g++ -c -g -O2  conftest.cpp >&5
configure:12339: $? = 0
configure:12458: checking for g++ option to produce PIC
configure:12732: result: -fno-common
configure:12740: checking if g++ PIC flag -fno-common works
configure:12761: g++ -c -g -O2  -fno-common -DPIC conftest.cpp >&5
configure:12765: $? = 0
configure:12775: result: yes
configure:12803: checking if g++ static flag -static works
configure:12831: result: no
configure:12841: checking if g++ supports -c -o file.o
configure:12865: g++ -c -g -O2  -o out/conftest2.o conftest.cpp >&5
configure:12869: $? = 0
configure:12888: result: yes
configure:12914: checking whether the g++ linker (/usr/bin/ld) supports shared libraries
configure:12939: result: yes
configure:13006: checking dynamic linker characteristics
configure:13594: result: darwin8.9.0 dyld
configure:13603: checking how to hardcode library paths into programs
configure:13628: result: immediate
configure:19845: checking for socket in -lsocket
configure:19880: gcc -o conftest -g -O2 -Wall   conftest.c -lsocket   >&5
/usr/bin/ld: can't locate file for: -lsocket
collect2: ld returned 1 exit status
configure:19886: $? = 1
configure: failed program was:
| /* confdefs.h.  */
| #define PACKAGE_NAME ""
| #define PACKAGE_TARNAME ""
| #define PACKAGE_VERSION ""
| #define PACKAGE_STRING ""
| #define PACKAGE_BUGREPORT ""
| #define PACKAGE "libevent"
| #define VERSION "1.3b"
| #define STDC_HEADERS 1
| #define HAVE_SYS_TYPES_H 1
| #define HAVE_SYS_STAT_H 1
| #define HAVE_STDLIB_H 1
| #define HAVE_STRING_H 1
| #define HAVE_MEMORY_H 1
| #define HAVE_STRINGS_H 1
| #define HAVE_INTTYPES_H 1
| #define HAVE_STDINT_H 1
| #define HAVE_UNISTD_H 1
| #define HAVE_DLFCN_H 1
| /* end confdefs.h.  */
| 
| /* Override any GCC internal prototype to avoid an error.
|    Use char because int might match the return type of a GCC
|    builtin and then its argument prototype would still apply.  */
| #ifdef __cplusplus
| extern "C"
| #endif
| char socket ();
| int
| main ()
| {
| return socket ();
|   ;
|   return 0;
| }
configure:19920: result: no
configure:19932: checking for ANSI C header files
configure:20110: result: yes
configure:20149: checking fcntl.h usability
configure:20166: gcc -c -g -O2 -Wall  conftest.c >&5
configure:20172: $? = 0
configure:20179: test -z "$ac_c_werror_flag" || test ! -s conftest.err
configure:20182: $? = 0
configure:20189: test -s conftest.o
configure:20192: $? = 0
configure:20203: result: yes
configure:20207: checking fcntl.h presence
configure:20222: gcc -E  conftest.c
configure:20228: $? = 0
configure:20249: result: yes
configure:20277: checking for fcntl.h
configure:20285: result: yes
configure:20149: checking stdarg.h usability
configure:20166: gcc -c -g -O2 -Wall  conftest.c >&5
configure:20172: $? = 0
configure:20179: test -z "$ac_c_werror_flag" || test ! -s conftest.err
configure:20182: $? = 0
configure:20189: test -s conftest.o
configure:20192: $? = 0
configure:20203: result: yes
configure:20207: checking stdarg.h presence
configure:20222: gcc -E  conftest.c
configure:20228: $? = 0
configure:20249: result: yes
configure:20277: checking for stdarg.h
configure:20285: result: yes
configure:20139: checking for inttypes.h
configure:20145: result: yes
configure:20139: checking for stdint.h
configure:20145: result: yes
configure:20149: checking poll.h usability
configure:20166: gcc -c -g -O2 -Wall  conftest.c >&5
configure:20172: $? = 0
configure:20179: test -z "$ac_c_werror_flag" || test ! -s conftest.err
configure:20182: $? = 0
configure:20189: test -s conftest.o
configure:20192: $? = 0
configure:20203: result: yes
configure:20207: checking poll.h presence
configure:20222: gcc -E  conftest.c
configure:20228: $? = 0
configure:20249: result: yes
configure:20277: checking for poll.h
configure:20285: result: yes
configure:20149: checking signal.h usability
configure:20166: gcc -c -g -O2 -Wall  conftest.c >&5
configure:20172: $? = 0
configure:20179: test -z "$ac_c_werror_flag" || test ! -s conftest.err
configure:20182: $? = 0
configure:20189: test -s conftest.o
configure:20192: $? = 0
configure:20203: result: yes
configure:20207: checking signal.h presence
configure:20222: gcc -E  conftest.c
configure:20228: $? = 0
configure:20249: result: yes
configure:20277: checking for signal.h
configure:20285: result: yes
configure:20139: checking for unistd.h
configure:20145: result: yes
configure:20149: checking sys/epoll.h usability
configure:20166: gcc -c -g -O2 -Wall  conftest.c >&5
conftest.c:62:23: error: sys/epoll.h: No such file or directory
configure:20172: $? = 1
configure: failed program was:
| /* confdefs.h.  */
| #define PACKAGE_NAME ""
| #define PACKAGE_TARNAME ""
| #define PACKAGE_VERSION ""
| #define PACKAGE_STRING ""
| #define PACKAGE_BUGREPORT ""
| #define PACKAGE "libevent"
| #define VERSION "1.3b"
| #define STDC_HEADERS 1
| #define HAVE_SYS_TYPES_H 1
| #define HAVE_SYS_STAT_H 1
| #define HAVE_STDLIB_H 1
| #define HAVE_STRING_H 1
| #define HAVE_MEMORY_H 1
| #define HAVE_STRINGS_H 1
| #define HAVE_INTTYPES_H 1
| #define HAVE_STDINT_H 1
| #define HAVE_UNISTD_H 1
| #define HAVE_DLFCN_H 1
| #define STDC_HEADERS 1
| #define HAVE_FCNTL_H 1
| #define HAVE_STDARG_H 1
| #define HAVE_INTTYPES_H 1
| #define HAVE_STDINT_H 1
| #define HAVE_POLL_H 1
| #define HAVE_SIGNAL_H 1
| #define HAVE_UNISTD_H 1
| /* end confdefs.h.  */
| #include <stdio.h>
| #if HAVE_SYS_TYPES_H
| # include <sys/types.h>
| #endif
| #if HAVE_SYS_STAT_H
| # include <sys/stat.h>
| #endif
| #if STDC_HEADERS
| # include <stdlib.h>
| # include <stddef.h>
| #else
| # if HAVE_STDLIB_H
| #  include <stdlib.h>
| # endif
| #endif
| #if HAVE_STRING_H
| # if !STDC_HEADERS && HAVE_MEMORY_H
| #  include <memory.h>
| # endif
| # include <string.h>
| #endif
| #if HAVE_STRINGS_H
| # include <strings.h>
| #endif
| #if HAVE_INTTYPES_H
| # include <inttypes.h>
| #endif
| #if HAVE_STDINT_H
| # include <stdint.h>
| #endif
| #if HAVE_UNISTD_H
| # include <unistd.h>
| #endif
| #include <sys/epoll.h>
configure:20203: result: no
configure:20207: checking sys/epoll.h presence
configure:20222: gcc -E  conftest.c
conftest.c:29:23: error: sys/epoll.h: No such file or directory
configure:20228: $? = 1
configure: failed program was:
| /* confdefs.h.  */
| #define PACKAGE_NAME ""
| #define PACKAGE_TARNAME ""
| #define PACKAGE_VERSION ""
| #define PACKAGE_STRING ""
| #define PACKAGE_BUGREPORT ""
| #define PACKAGE "libevent"
| #define VERSION "1.3b"
| #define STDC_HEADERS 1
| #define HAVE_SYS_TYPES_H 1
| #define HAVE_SYS_STAT_H 1
| #define HAVE_STDLIB_H 1
| #define HAVE_STRING_H 1
| #define HAVE_MEMORY_H 1
| #define HAVE_STRINGS_H 1
| #define HAVE_INTTYPES_H 1
| #define HAVE_STDINT_H 1
| #define HAVE_UNISTD_H 1
| #define HAVE_DLFCN_H 1
| #define STDC_HEADERS 1
| #define HAVE_FCNTL_H 1
| #define HAVE_STDARG_H 1
| #define HAVE_INTTYPES_H 1
| #define HAVE_STDINT_H 1
| #define HAVE_POLL_H 1
| #define HAVE_SIGNAL_H 1
| #define HAVE_UNISTD_H 1
| /* end confdefs.h.  */
| #include <sys/epoll.h>
configure:20249: result: no
configure:20277: checking for sys/epoll.h
configure:20285: result: no
configure:20149: checking sys/time.h usability
configure:20166: gcc -c -g -O2 -Wall  conftest.c >&5
configure:20172: $? = 0
configure:20179: test -z "$ac_c_werror_flag" || test ! -s conftest.err
configure:20182: $? = 0
configure:20189: test -s conftest.o
configure:20192: $? = 0
configure:20203: result: yes
configure:20207: checking sys/time.h presence
configure:20222: gcc -E  conftest.c
configure:20228: $? = 0
configure:20249: result: yes
configure:20277: checking for sys/time.h
configure:20285: result: yes
configure:20149: checking sys/queue.h usability
configure:20166: gcc -c -g -O2 -Wall  conftest.c >&5
configure:20172: $? = 0
configure:20179: test -z "$ac_c_werror_flag" || test ! -s conftest.err
configure:20182: $? = 0
configure:20189: test -s conftest.o
configure:20192: $? = 0
configure:20203: result: yes
configure:20207: checking sys/queue.h presence
configure:20222: gcc -E  conftest.c
configure:20228: $? = 0
configure:20249: result: yes
configure:20277: checking for sys/queue.h
configure:20285: result: yes
configure:20149: checking sys/event.h usability
configure:20166: gcc -c -g -O2 -Wall  conftest.c >&5
configure:20172: $? = 0
configure:20179: test -z "$ac_c_werror_flag" || test ! -s conftest.err
configure:20182: $? = 0
configure:20189: test -s conftest.o
configure:20192: $? = 0
configure:20203: result: yes
configure:20207: checking sys/event.h presence
configure:20222: gcc -E  conftest.c
configure:20228: $? = 0
configure:20249: result: yes
configure:20277: checking for sys/event.h
configure:20285: result: yes
configure:20149: checking sys/ioctl.h usability
configure:20166: gcc -c -g -O2 -Wall  conftest.c >&5
configure:20172: $? = 0
configure:20179: test -z "$ac_c_werror_flag" || test ! -s conftest.err
configure:20182: $? = 0
configure:20189: test -s conftest.o
configure:20192: $? = 0
configure:20203: result: yes
configure:20207: checking sys/ioctl.h presence
configure:20222: gcc -E  conftest.c
configure:20228: $? = 0
configure:20249: result: yes
configure:20277: checking for sys/ioctl.h
configure:20285: result: yes
configure:20149: checking sys/devpoll.h usability
configure:20166: gcc -c -g -O2 -Wall  conftest.c >&5
conftest.c:66:25: error: sys/devpoll.h: No such file or directory
configure:20172: $? = 1
configure: failed program was:
| /* confdefs.h.  */
| #define PACKAGE_NAME ""
| #define PACKAGE_TARNAME ""
| #define PACKAGE_VERSION ""
| #define PACKAGE_STRING ""
| #define PACKAGE_BUGREPORT ""
| #define PACKAGE "libevent"
| #define VERSION "1.3b"
| #define STDC_HEADERS 1
| #define HAVE_SYS_TYPES_H 1
| #define HAVE_SYS_STAT_H 1
| #define HAVE_STDLIB_H 1
| #define HAVE_STRING_H 1
| #define HAVE_MEMORY_H 1
| #define HAVE_STRINGS_H 1
| #define HAVE_INTTYPES_H 1
| #define HAVE_STDINT_H 1
| #define HAVE_UNISTD_H 1
| #define HAVE_DLFCN_H 1
| #define STDC_HEADERS 1
| #define HAVE_FCNTL_H 1
| #define HAVE_STDARG_H 1
| #define HAVE_INTTYPES_H 1
| #define HAVE_STDINT_H 1
| #define HAVE_POLL_H 1
| #define HAVE_SIGNAL_H 1
| #define HAVE_UNISTD_H 1
| #define HAVE_SYS_TIME_H 1
| #define HAVE_SYS_QUEUE_H 1
| #define HAVE_SYS_EVENT_H 1
| #define HAVE_SYS_IOCTL_H 1
| /* end confdefs.h.  */
| #include <stdio.h>
| #if HAVE_SYS_TYPES_H
| # include <sys/types.h>
| #endif
| #if HAVE_SYS_STAT_H
| # include <sys/stat.h>
| #endif
| #if STDC_HEADERS
| # include <stdlib.h>
| # include <stddef.h>
| #else
| # if HAVE_STDLIB_H
| #  include <stdlib.h>
| # endif
| #endif
| #if HAVE_STRING_H
| # if !STDC_HEADERS && HAVE_MEMORY_H
| #  include <memory.h>
| # endif
| # include <string.h>
| #endif
| #if HAVE_STRINGS_H
| # include <strings.h>
| #endif
| #if HAVE_INTTYPES_H
| # include <inttypes.h>
| #endif
| #if HAVE_STDINT_H
| # include <stdint.h>
| #endif
| #if HAVE_UNISTD_H
| # include <unistd.h>
| #endif
| #include <sys/devpoll.h>
configure:20203: result: no
configure:20207: checking sys/devpoll.h presence
configure:20222: gcc -E  conftest.c
conftest.c:33:25: error: sys/devpoll.h: No such file or directory
configure:20228: $? = 1
configure: failed program was:
| /* confdefs.h.  */
| #define PACKAGE_NAME ""
| #define PACKAGE_TARNAME ""
| #define PACKAGE_VERSION ""
| #define PACKAGE_STRING ""
| #define PACKAGE_BUGREPORT ""
| #define PACKAGE "libevent"
| #define VERSION "1.3b"
| #define STDC_HEADERS 1
| #define HAVE_SYS_TYPES_H 1
| #define HAVE_SYS_STAT_H 1
| #define HAVE_STDLIB_H 1
| #define HAVE_STRING_H 1
| #define HAVE_MEMORY_H 1
| #define HAVE_STRINGS_H 1
| #define HAVE_INTTYPES_H 1
| #define HAVE_STDINT_H 1
| #define HAVE_UNISTD_H 1
| #define HAVE_DLFCN_H 1
| #define STDC_HEADERS 1
| #define HAVE_FCNTL_H 1
| #define HAVE_STDARG_H 1
| #define HAVE_INTTYPES_H 1
| #define HAVE_STDINT_H 1
| #define HAVE_POLL_H 1
| #define HAVE_SIGNAL_H 1
| #define HAVE_UNISTD_H 1
| #define HAVE_SYS_TIME_H 1
| #define HAVE_SYS_QUEUE_H 1
| #define HAVE_SYS_EVENT_H 1
| #define HAVE_SYS_IOCTL_H 1
| /* end confdefs.h.  */
| #include <sys/devpoll.h>
configure:20249: result: no
configure:20277: checking for sys/devpoll.h
configure:20285: result: no
configure:20149: checking port.h usability
configure:20166: gcc -c -g -O2 -Wall  conftest.c >&5
conftest.c:66:18: error: port.h: No such file or directory
configure:20172: $? = 1
configure: failed program was:
| /* confdefs.h.  */
| #define PACKAGE_NAME ""
| #define PACKAGE_TARNAME ""
| #define PACKAGE_VERSION ""
| #define PACKAGE_STRING ""
| #define PACKAGE_BUGREPORT ""
| #define PACKAGE "libevent"
| #define VERSION "1.3b"
| #define STDC_HEADERS 1
| #define HAVE_SYS_TYPES_H 1
| #define HAVE_SYS_STAT_H 1
| #define HAVE_STDLIB_H 1
| #define HAVE_STRING_H 1
| #define HAVE_MEMORY_H 1
| #define HAVE_STRINGS_H 1
| #define HAVE_INTTYPES_H 1
| #define HAVE_STDINT_H 1
| #define HAVE_UNISTD_H 1
| #define HAVE_DLFCN_H 1
| #define STDC_HEADERS 1
| #define HAVE_FCNTL_H 1
| #define HAVE_STDARG_H 1
| #define HAVE_INTTYPES_H 1
| #define HAVE_STDINT_H 1
| #define HAVE_POLL_H 1
| #define HAVE_SIGNAL_H 1
| #define HAVE_UNISTD_H 1
| #define HAVE_SYS_TIME_H 1
| #define HAVE_SYS_QUEUE_H 1
| #define HAVE_SYS_EVENT_H 1
| #define HAVE_SYS_IOCTL_H 1
| /* end confdefs.h.  */
| #include <stdio.h>
| #if HAVE_SYS_TYPES_H
| # include <sys/types.h>
| #endif
| #if HAVE_SYS_STAT_H
| # include <sys/stat.h>
| #endif
| #if STDC_HEADERS
| # include <stdlib.h>
| # include <stddef.h>
| #else
| # if HAVE_STDLIB_H
| #  include <stdlib.h>
| # endif
| #endif
| #if HAVE_STRING_H
| # if !STDC_HEADERS && HAVE_MEMORY_H
| #  include <memory.h>
| # endif
| # include <string.h>
| #endif
| #if HAVE_STRINGS_H
| # include <strings.h>
| #endif
| #if HAVE_INTTYPES_H
| # include <inttypes.h>
| #endif
| #if HAVE_STDINT_H
| # include <stdint.h>
| #endif
| #if HAVE_UNISTD_H
| # include <unistd.h>
| #endif
| #include <port.h>
configure:20203: result: no
configure:20207: checking port.h presence
configure:20222: gcc -E  conftest.c
conftest.c:33:18: error: port.h: No such file or directory
configure:20228: $? = 1
configure: failed program was:
| /* confdefs.h.  */
| #define PACKAGE_NAME ""
| #define PACKAGE_TARNAME ""
| #define PACKAGE_VERSION ""
| #define PACKAGE_STRING ""
| #define PACKAGE_BUGREPORT ""
| #define PACKAGE "libevent"
| #define VERSION "1.3b"
| #define STDC_HEADERS 1
| #define HAVE_SYS_TYPES_H 1
| #define HAVE_SYS_STAT_H 1
| #define HAVE_STDLIB_H 1
| #define HAVE_STRING_H 1
| #define HAVE_MEMORY_H 1
| #define HAVE_STRINGS_H 1
| #define HAVE_INTTYPES_H 1
| #define HAVE_STDINT_H 1
| #define HAVE_UNISTD_H 1
| #define HAVE_DLFCN_H 1
| #define STDC_HEADERS 1
| #define HAVE_FCNTL_H 1
| #define HAVE_STDARG_H 1
| #define HAVE_INTTYPES_H 1
| #define HAVE_STDINT_H 1
| #define HAVE_POLL_H 1
| #define HAVE_SIGNAL_H 1
| #define HAVE_UNISTD_H 1
| #define HAVE_SYS_TIME_H 1
| #define HAVE_SYS_QUEUE_H 1
| #define HAVE_SYS_EVENT_H 1
| #define HAVE_SYS_IOCTL_H 1
| /* end confdefs.h.  */
| #include <port.h>
configure:20249: result: no
configure:20277: checking for port.h
configure:20285: result: no
configure:20149: checking netinet/in6.h usability
configure:20166: gcc -c -g -O2 -Wall  conftest.c >&5
conftest.c:66:25: error: netinet/in6.h: No such file or directory
configure:20172: $? = 1
configure: failed program was:
| /* confdefs.h.  */
| #define PACKAGE_NAME ""
| #define PACKAGE_TARNAME ""
| #define PACKAGE_VERSION ""
| #define PACKAGE_STRING ""
| #define PACKAGE_BUGREPORT ""
| #define PACKAGE "libevent"
| #define VERSION "1.3b"
| #define STDC_HEADERS 1
| #define HAVE_SYS_TYPES_H 1
| #define HAVE_SYS_STAT_H 1
| #define HAVE_STDLIB_H 1
| #define HAVE_STRING_H 1
| #define HAVE_MEMORY_H 1
| #define HAVE_STRINGS_H 1
| #define HAVE_INTTYPES_H 1
| #define HAVE_STDINT_H 1
| #define HAVE_UNISTD_H 1
| #define HAVE_DLFCN_H 1
| #define STDC_HEADERS 1
| #define HAVE_FCNTL_H 1
| #define HAVE_STDARG_H 1
| #define HAVE_INTTYPES_H 1
| #define HAVE_STDINT_H 1
| #define HAVE_POLL_H 1
| #define HAVE_SIGNAL_H 1
| #define HAVE_UNISTD_H 1
| #define HAVE_SYS_TIME_H 1
| #define HAVE_SYS_QUEUE_H 1
| #define HAVE_SYS_EVENT_H 1
| #define HAVE_SYS_IOCTL_H 1
| /* end confdefs.h.  */
| #include <stdio.h>
| #if HAVE_SYS_TYPES_H
| # include <sys/types.h>
| #endif
| #if HAVE_SYS_STAT_H
| # include <sys/stat.h>
| #endif
| #if STDC_HEADERS
| # include <stdlib.h>
| # include <stddef.h>
| #else
| # if HAVE_STDLIB_H
| #  include <stdlib.h>
| # endif
| #endif
| #if HAVE_STRING_H
| # if !STDC_HEADERS && HAVE_MEMORY_H
| #  include <memory.h>
| # endif
| # include <string.h>
| #endif
| #if HAVE_STRINGS_H
| # include <strings.h>
| #endif
| #if HAVE_INTTYPES_H
| # include <inttypes.h>
| #endif
| #if HAVE_STDINT_H
| # include <stdint.h>
| #endif
| #if HAVE_UNISTD_H
| # include <unistd.h>
| #endif
| #include <netinet/in6.h>
configure:20203: result: no
configure:20207: checking netinet/in6.h presence
configure:20222: gcc -E  conftest.c
conftest.c:33:25: error: netinet/in6.h: No such file or directory
configure:20228: $? = 1
configure: failed program was:
| /* confdefs.h.  */
| #define PACKAGE_NAME ""
| #define PACKAGE_TARNAME ""
| #define PACKAGE_VERSION ""
| #define PACKAGE_STRING ""
| #define PACKAGE_BUGREPORT ""
| #define PACKAGE "libevent"
| #define VERSION "1.3b"
| #define STDC_HEADERS 1
| #define HAVE_SYS_TYPES_H 1
| #define HAVE_SYS_STAT_H 1
| #define HAVE_STDLIB_H 1
| #define HAVE_STRING_H 1
| #define HAVE_MEMORY_H 1
| #define HAVE_STRINGS_H 1
| #define HAVE_INTTYPES_H 1
| #define HAVE_STDINT_H 1
| #define HAVE_UNISTD_H 1
| #define HAVE_DLFCN_H 1
| #define STDC_HEADERS 1
| #define HAVE_FCNTL_H 1
| #define HAVE_STDARG_H 1
| #define HAVE_INTTYPES_H 1
| #define HAVE_STDINT_H 1
| #define HAVE_POLL_H 1
| #define HAVE_SIGNAL_H 1
| #define HAVE_UNISTD_H 1
| #define HAVE_SYS_TIME_H 1
| #define HAVE_SYS_QUEUE_H 1
| #define HAVE_SYS_EVENT_H 1
| #define HAVE_SYS_IOCTL_H 1
| /* end confdefs.h.  */
| #include <netinet/in6.h>
configure:20249: result: no
configure:20277: checking for netinet/in6.h
configure:20285: result: no
configure:20299: checking for TAILQ_FOREACH in sys/queue.h
configure:20316: result: yes
configure:20333: checking for timeradd in sys/time.h
configure:20355: result: yes
configure:20367: checking for timercmp in sys/time.h
configure:20389: result: yes
configure:20401: checking for timerclear in sys/time.h
configure:20423: result: yes
configure:20435: checking for timerisset in sys/time.h
configure:20457: result: yes
configure:20468: checking for WIN32
configure:20495: gcc -c -g -O2 -Wall  conftest.c >&5
conftest.c:44:3: error: #error 
configure:20501: $? = 1
configure: failed program was:
| /* confdefs.h.  */
| #define PACKAGE_NAME ""
| #define PACKAGE_TARNAME ""
| #define PACKAGE_VERSION ""
| #define PACKAGE_STRING ""
| #define PACKAGE_BUGREPORT ""
| #define PACKAGE "libevent"
| #define VERSION "1.3b"
| #define STDC_HEADERS 1
| #define HAVE_SYS_TYPES_H 1
| #define HAVE_SYS_STAT_H 1
| #define HAVE_STDLIB_H 1
| #define HAVE_STRING_H 1
| #define HAVE_MEMORY_H 1
| #define HAVE_STRINGS_H 1
| #define HAVE_INTTYPES_H 1
| #define HAVE_STDINT_H 1
| #define HAVE_UNISTD_H 1
| #define HAVE_DLFCN_H 1
| #define STDC_HEADERS 1
| #define HAVE_FCNTL_H 1
| #define HAVE_STDARG_H 1
| #define HAVE_INTTYPES_H 1
| #define HAVE_STDINT_H 1
| #define HAVE_POLL_H 1
| #define HAVE_SIGNAL_H 1
| #define HAVE_UNISTD_H 1
| #define HAVE_SYS_TIME_H 1
| #define HAVE_SYS_QUEUE_H 1
| #define HAVE_SYS_EVENT_H 1
| #define HAVE_SYS_IOCTL_H 1
| #define HAVE_TAILQFOREACH 1
| #define HAVE_TIMERADD 1
| #define HAVE_TIMERCMP 1
| #define HAVE_TIMERCLEAR 1
| #define HAVE_TIMERISSET 1
| /* end confdefs.h.  */
| 
| int
| main ()
| {
| 
| 	#ifndef WIN32
| 	#error
| 	#endif
| 
|   ;
|   return 0;
| }
configure:20529: result: no
configure:20546: checking for an ANSI C-conforming const
configure:20621: gcc -c -g -O2 -Wall  conftest.c >&5
conftest.c: In function 'main':
conftest.c:67: warning: 't' is used uninitialized in this function
conftest.c:83: warning: 'b' is used uninitialized in this function
conftest.c:89: warning: 'x[0]' is used uninitialized in this function
configure:20627: $? = 0
configure:20634: test -z "$ac_c_werror_flag" || test ! -s conftest.err
configure:20637: $? = 0
configure:20644: test -s conftest.o
configure:20647: $? = 0
configure:20659: result: yes
configure:20669: checking for inline
configure:20695: gcc -c -g -O2 -Wall  conftest.c >&5
configure:20701: $? = 0
configure:20708: test -z "$ac_c_werror_flag" || test ! -s conftest.err
configure:20711: $? = 0
configure:20718: test -s conftest.o
configure:20721: $? = 0
configure:20736: result: inline
configure:20755: checking whether time.h and sys/time.h may both be included
configure:20785: gcc -c -g -O2 -Wall  conftest.c >&5
configure:20791: $? = 0
configure:20798: test -z "$ac_c_werror_flag" || test ! -s conftest.err
configure:20801: $? = 0
configure:20808: test -s conftest.o
configure:20811: $? = 0
configure:20823: result: yes
configure:20847: checking for gettimeofday
configure:20903: gcc -o conftest -g -O2 -Wall   conftest.c  >&5
configure:20909: $? = 0
configure:20916: test -z "$ac_c_werror_flag" || test ! -s conftest.err
configure:20919: $? = 0
configure:20926: test -s conftest
configure:20929: $? = 0
configure:20943: result: yes
configure:20847: checking for vasprintf
configure:20903: gcc -o conftest -g -O2 -Wall   conftest.c  >&5
configure:20909: $? = 0
configure:20916: test -z "$ac_c_werror_flag" || test ! -s conftest.err
configure:20919: $? = 0
configure:20926: test -s conftest
configure:20929: $? = 0
configure:20943: result: yes
configure:20847: checking for fcntl
configure:20903: gcc -o conftest -g -O2 -Wall   conftest.c  >&5
configure:20909: $? = 0
configure:20916: test -z "$ac_c_werror_flag" || test ! -s conftest.err
configure:20919: $? = 0
configure:20926: test -s conftest
configure:20929: $? = 0
configure:20943: result: yes
configure:20847: checking for clock_gettime
configure:20903: gcc -o conftest -g -O2 -Wall   conftest.c  >&5
/usr/bin/ld: Undefined symbols:
_clock_gettime
collect2: ld returned 1 exit status
configure:20909: $? = 1
configure: failed program was:
| /* confdefs.h.  */
| #define PACKAGE_NAME ""
| #define PACKAGE_TARNAME ""
| #define PACKAGE_VERSION ""
| #define PACKAGE_STRING ""
| #define PACKAGE_BUGREPORT ""
| #define PACKAGE "libevent"
| #define VERSION "1.3b"
| #define STDC_HEADERS 1
| #define HAVE_SYS_TYPES_H 1
| #define HAVE_SYS_STAT_H 1
| #define HAVE_STDLIB_H 1
| #define HAVE_STRING_H 1
| #define HAVE_MEMORY_H 1
| #define HAVE_STRINGS_H 1
| #define HAVE_INTTYPES_H 1
| #define HAVE_STDINT_H 1
| #define HAVE_UNISTD_H 1
| #define HAVE_DLFCN_H 1
| #define STDC_HEADERS 1
| #define HAVE_FCNTL_H 1
| #define HAVE_STDARG_H 1
| #define HAVE_INTTYPES_H 1
| #define HAVE_STDINT_H 1
| #define HAVE_POLL_H 1
| #define HAVE_SIGNAL_H 1
| #define HAVE_UNISTD_H 1
| #define HAVE_SYS_TIME_H 1
| #define HAVE_SYS_QUEUE_H 1
| #define HAVE_SYS_EVENT_H 1
| #define HAVE_SYS_IOCTL_H 1
| #define HAVE_TAILQFOREACH 1
| #define HAVE_TIMERADD 1
| #define HAVE_TIMERCMP 1
| #define HAVE_TIMERCLEAR 1
| #define HAVE_TIMERISSET 1
| #define TIME_WITH_SYS_TIME 1
| #define HAVE_GETTIMEOFDAY 1
| #define HAVE_VASPRINTF 1
| #define HAVE_FCNTL 1
| /* end confdefs.h.  */
| /* Define clock_gettime to an innocuous variant, in case <limits.h> declares clock_gettime.
|    For example, HP-UX 11i <limits.h> declares gettimeofday.  */
| #define clock_gettime innocuous_clock_gettime
| 
| /* System header to define __stub macros and hopefully few prototypes,
|     which can conflict with char clock_gettime (); below.
|     Prefer <limits.h> to <assert.h> if __STDC__ is defined, since
|     <limits.h> exists even on freestanding compilers.  */
| 
| #ifdef __STDC__
| # include <limits.h>
| #else
| # include <assert.h>
| #endif
| 
| #undef clock_gettime
| 
| /* Override any GCC internal prototype to avoid an error.
|    Use char because int might match the return type of a GCC
|    builtin and then its argument prototype would still apply.  */
| #ifdef __cplusplus
| extern "C"
| #endif
| char clock_gettime ();
| /* The GNU C library defines this for functions which it implements
|     to always fail with ENOSYS.  Some functions are actually named
|     something starting with __ and the normal name is an alias.  */
| #if defined __stub_clock_gettime || defined __stub___clock_gettime
| choke me
| #endif
| 
| int
| main ()
| {
| return clock_gettime ();
|   ;
|   return 0;
| }
configure:20943: result: no
configure:20847: checking for strtok_r
configure:20903: gcc -o conftest -g -O2 -Wall   conftest.c  >&5
configure:20909: $? = 0
configure:20916: test -z "$ac_c_werror_flag" || test ! -s conftest.err
configure:20919: $? = 0
configure:20926: test -s conftest
configure:20929: $? = 0
configure:20943: result: yes
configure:20847: checking for strsep
configure:20903: gcc -o conftest -g -O2 -Wall   conftest.c  >&5
configure:20909: $? = 0
configure:20916: test -z "$ac_c_werror_flag" || test ! -s conftest.err
configure:20919: $? = 0
configure:20926: test -s conftest
configure:20929: $? = 0
configure:20943: result: yes
configure:20847: checking for getaddrinfo
configure:20903: gcc -o conftest -g -O2 -Wall   conftest.c  >&5
configure:20909: $? = 0
configure:20916: test -z "$ac_c_werror_flag" || test ! -s conftest.err
configure:20919: $? = 0
configure:20926: test -s conftest
configure:20929: $? = 0
configure:20943: result: yes
configure:20847: checking for getnameinfo
configure:20903: gcc -o conftest -g -O2 -Wall   conftest.c  >&5
configure:20909: $? = 0
configure:20916: test -z "$ac_c_werror_flag" || test ! -s conftest.err
configure:20919: $? = 0
configure:20926: test -s conftest
configure:20929: $? = 0
configure:20943: result: yes
configure:20847: checking for strlcpy
configure:20903: gcc -o conftest -g -O2 -Wall   conftest.c  >&5
configure:20909: $? = 0
configure:20916: test -z "$ac_c_werror_flag" || test ! -s conftest.err
configure:20919: $? = 0
configure:20926: test -s conftest
configure:20929: $? = 0
configure:20943: result: yes
configure:20847: checking for inet_ntop
configure:20903: gcc -o conftest -g -O2 -Wall   conftest.c  >&5
configure:20909: $? = 0
configure:20916: test -z "$ac_c_werror_flag" || test ! -s conftest.err
configure:20919: $? = 0
configure:20926: test -s conftest
configure:20929: $? = 0
configure:20943: result: yes
configure:20968: checking for F_SETFD in fcntl.h
configure:20991: result: yes
configure:21006: checking for select
configure:21062: gcc -o conftest -g -O2 -Wall   conftest.c  >&5
configure:21068: $? = 0
configure:21075: test -z "$ac_c_werror_flag" || test ! -s conftest.err
configure:21078: $? = 0
configure:21085: test -s conftest
configure:21088: $? = 0
configure:21102: result: yes
configure:21128: checking for poll
configure:21184: gcc -o conftest -g -O2 -Wall   conftest.c  >&5
configure:21190: $? = 0
configure:21197: test -z "$ac_c_werror_flag" || test ! -s conftest.err
configure:21200: $? = 0
configure:21207: test -s conftest
configure:21210: $? = 0
configure:21224: result: yes
configure:21483: checking for epoll_ctl
configure:21539: gcc -o conftest -g -O2 -Wall   conftest.c  >&5
/usr/bin/ld: Undefined symbols:
_epoll_ctl
collect2: ld returned 1 exit status
configure:21545: $? = 1
configure: failed program was:
| /* confdefs.h.  */
| #define PACKAGE_NAME ""
| #define PACKAGE_TARNAME ""
| #define PACKAGE_VERSION ""
| #define PACKAGE_STRING ""
| #define PACKAGE_BUGREPORT ""
| #define PACKAGE "libevent"
| #define VERSION "1.3b"
| #define STDC_HEADERS 1
| #define HAVE_SYS_TYPES_H 1
| #define HAVE_SYS_STAT_H 1
| #define HAVE_STDLIB_H 1
| #define HAVE_STRING_H 1
| #define HAVE_MEMORY_H 1
| #define HAVE_STRINGS_H 1
| #define HAVE_INTTYPES_H 1
| #define HAVE_STDINT_H 1
| #define HAVE_UNISTD_H 1
| #define HAVE_DLFCN_H 1
| #define STDC_HEADERS 1
| #define HAVE_FCNTL_H 1
| #define HAVE_STDARG_H 1
| #define HAVE_INTTYPES_H 1
| #define HAVE_STDINT_H 1
| #define HAVE_POLL_H 1
| #define HAVE_SIGNAL_H 1
| #define HAVE_UNISTD_H 1
| #define HAVE_SYS_TIME_H 1
| #define HAVE_SYS_QUEUE_H 1
| #define HAVE_SYS_EVENT_H 1
| #define HAVE_SYS_IOCTL_H 1
| #define HAVE_TAILQFOREACH 1
| #define HAVE_TIMERADD 1
| #define HAVE_TIMERCMP 1
| #define HAVE_TIMERCLEAR 1
| #define HAVE_TIMERISSET 1
| #define TIME_WITH_SYS_TIME 1
| #define HAVE_GETTIMEOFDAY 1
| #define HAVE_VASPRINTF 1
| #define HAVE_FCNTL 1
| #define HAVE_STRTOK_R 1
| #define HAVE_STRSEP 1
| #define HAVE_GETADDRINFO 1
| #define HAVE_GETNAMEINFO 1
| #define HAVE_STRLCPY 1
| #define HAVE_INET_NTOP 1
| #define DNS_USE_GETTIMEOFDAY_FOR_ID 1
| #define HAVE_SETFD 1
| #define HAVE_SELECT 1
| #define HAVE_POLL 1
| /* end confdefs.h.  */
| /* Define epoll_ctl to an innocuous variant, in case <limits.h> declares epoll_ctl.
|    For example, HP-UX 11i <limits.h> declares gettimeofday.  */
| #define epoll_ctl innocuous_epoll_ctl
| 
| /* System header to define __stub macros and hopefully few prototypes,
|     which can conflict with char epoll_ctl (); below.
|     Prefer <limits.h> to <assert.h> if __STDC__ is defined, since
|     <limits.h> exists even on freestanding compilers.  */
| 
| #ifdef __STDC__
| # include <limits.h>
| #else
| # include <assert.h>
| #endif
| 
| #undef epoll_ctl
| 
| /* Override any GCC internal prototype to avoid an error.
|    Use char because int might match the return type of a GCC
|    builtin and then its argument prototype would still apply.  */
| #ifdef __cplusplus
| extern "C"
| #endif
| char epoll_ctl ();
| /* The GNU C library defines this for functions which it implements
|     to always fail with ENOSYS.  Some functions are actually named
|     something starting with __ and the normal name is an alias.  */
| #if defined __stub_epoll_ctl || defined __stub___epoll_ctl
| choke me
| #endif
| 
| int
| main ()
| {
| return epoll_ctl ();
|   ;
|   return 0;
| }
configure:21579: result: no
configure:21625: checking for kqueue
configure:21681: gcc -o conftest -g -O2 -Wall   conftest.c  >&5
configure:21687: $? = 0
configure:21694: test -z "$ac_c_werror_flag" || test ! -s conftest.err
configure:21697: $? = 0
configure:21704: test -s conftest
configure:21707: $? = 0
configure:21721: result: yes
configure:21732: checking for working kqueue
configure:21796: gcc -o conftest -g -O2 -Wall   conftest.c  >&5
conftest.c: In function 'main':
conftest.c:71: warning: implicit declaration of function 'exit'
conftest.c:71: warning: incompatible implicit declaration of built-in function 'exit'
configure:21799: $? = 0
configure:21805: ./conftest
configure:21808: $? = 0
configure:21810: result: yes
configure:21937: checking for port_create
configure:21993: gcc -o conftest -g -O2 -Wall   conftest.c  >&5
/usr/bin/ld: Undefined symbols:
_port_create
collect2: ld returned 1 exit status
configure:21999: $? = 1
configure: failed program was:
| /* confdefs.h.  */
| #define PACKAGE_NAME ""
| #define PACKAGE_TARNAME ""
| #define PACKAGE_VERSION ""
| #define PACKAGE_STRING ""
| #define PACKAGE_BUGREPORT ""
| #define PACKAGE "libevent"
| #define VERSION "1.3b"
| #define STDC_HEADERS 1
| #define HAVE_SYS_TYPES_H 1
| #define HAVE_SYS_STAT_H 1
| #define HAVE_STDLIB_H 1
| #define HAVE_STRING_H 1
| #define HAVE_MEMORY_H 1
| #define HAVE_STRINGS_H 1
| #define HAVE_INTTYPES_H 1
| #define HAVE_STDINT_H 1
| #define HAVE_UNISTD_H 1
| #define HAVE_DLFCN_H 1
| #define STDC_HEADERS 1
| #define HAVE_FCNTL_H 1
| #define HAVE_STDARG_H 1
| #define HAVE_INTTYPES_H 1
| #define HAVE_STDINT_H 1
| #define HAVE_POLL_H 1
| #define HAVE_SIGNAL_H 1
| #define HAVE_UNISTD_H 1
| #define HAVE_SYS_TIME_H 1
| #define HAVE_SYS_QUEUE_H 1
| #define HAVE_SYS_EVENT_H 1
| #define HAVE_SYS_IOCTL_H 1
| #define HAVE_TAILQFOREACH 1
| #define HAVE_TIMERADD 1
| #define HAVE_TIMERCMP 1
| #define HAVE_TIMERCLEAR 1
| #define HAVE_TIMERISSET 1
| #define TIME_WITH_SYS_TIME 1
| #define HAVE_GETTIMEOFDAY 1
| #define HAVE_VASPRINTF 1
| #define HAVE_FCNTL 1
| #define HAVE_STRTOK_R 1
| #define HAVE_STRSEP 1
| #define HAVE_GETADDRINFO 1
| #define HAVE_GETNAMEINFO 1
| #define HAVE_STRLCPY 1
| #define HAVE_INET_NTOP 1
| #define DNS_USE_GETTIMEOFDAY_FOR_ID 1
| #define HAVE_SETFD 1
| #define HAVE_SELECT 1
| #define HAVE_POLL 1
| #define HAVE_KQUEUE 1
| #define HAVE_WORKING_KQUEUE 1
| /* end confdefs.h.  */
| /* Define port_create to an innocuous variant, in case <limits.h> declares port_create.
|    For example, HP-UX 11i <limits.h> declares gettimeofday.  */
| #define port_create innocuous_port_create
| 
| /* System header to define __stub macros and hopefully few prototypes,
|     which can conflict with char port_create (); below.
|     Prefer <limits.h> to <assert.h> if __STDC__ is defined, since
|     <limits.h> exists even on freestanding compilers.  */
| 
| #ifdef __STDC__
| # include <limits.h>
| #else
| # include <assert.h>
| #endif
| 
| #undef port_create
| 
| /* Override any GCC internal prototype to avoid an error.
|    Use char because int might match the return type of a GCC
|    builtin and then its argument prototype would still apply.  */
| #ifdef __cplusplus
| extern "C"
| #endif
| char port_create ();
| /* The GNU C library defines this for functions which it implements
|     to always fail with ENOSYS.  Some functions are actually named
|     something starting with __ and the normal name is an alias.  */
| #if defined __stub_port_create || defined __stub___port_create
| choke me
| #endif
| 
| int
| main ()
| {
| return port_create ();
|   ;
|   return 0;
| }
configure:22033: result: no
configure:22066: checking for pid_t
configure:22096: gcc -c -g -O2 -Wall  conftest.c >&5
configure:22102: $? = 0
configure:22109: test -z "$ac_c_werror_flag" || test ! -s conftest.err
configure:22112: $? = 0
configure:22119: test -s conftest.o
configure:22122: $? = 0
configure:22134: result: yes
configure:22146: checking for size_t
configure:22176: gcc -c -g -O2 -Wall  conftest.c >&5
configure:22182: $? = 0
configure:22189: test -z "$ac_c_werror_flag" || test ! -s conftest.err
configure:22192: $? = 0
configure:22199: test -s conftest.o
configure:22202: $? = 0
configure:22214: result: yes
configure:22226: checking for u_int64_t
configure:22256: gcc -c -g -O2 -Wall  conftest.c >&5
configure:22262: $? = 0
configure:22269: test -z "$ac_c_werror_flag" || test ! -s conftest.err
configure:22272: $? = 0
configure:22279: test -s conftest.o
configure:22282: $? = 0
configure:22294: result: yes
configure:22306: checking for u_int32_t
configure:22336: gcc -c -g -O2 -Wall  conftest.c >&5
configure:22342: $? = 0
configure:22349: test -z "$ac_c_werror_flag" || test ! -s conftest.err
configure:22352: $? = 0
configure:22359: test -s conftest.o
configure:22362: $? = 0
configure:22374: result: yes
configure:22386: checking for u_int16_t
configure:22416: gcc -c -g -O2 -Wall  conftest.c >&5
configure:22422: $? = 0
configure:22429: test -z "$ac_c_werror_flag" || test ! -s conftest.err
configure:22432: $? = 0
configure:22439: test -s conftest.o
configure:22442: $? = 0
configure:22454: result: yes
configure:22466: checking for u_int8_t
configure:22496: gcc -c -g -O2 -Wall  conftest.c >&5
configure:22502: $? = 0
configure:22509: test -z "$ac_c_werror_flag" || test ! -s conftest.err
configure:22512: $? = 0
configure:22519: test -s conftest.o
configure:22522: $? = 0
configure:22534: result: yes
configure:22546: checking for struct in6_addr
configure:22586: gcc -c -g -O2 -Wall  conftest.c >&5
configure:22592: $? = 0
configure:22599: test -z "$ac_c_werror_flag" || test ! -s conftest.err
configure:22602: $? = 0
configure:22609: test -s conftest.o
configure:22612: $? = 0
configure:22624: result: yes
configure:22636: checking for socklen_t
configure:22661: gcc -c -g -O2 -Wall  conftest.c >&5
conftest.c: In function 'main':
conftest.c:61: warning: unused variable 'x'
configure:22667: $? = 0
configure:22674: test -z "$ac_c_werror_flag" || test ! -s conftest.err
configure:22677: $? = 0
configure:22684: test -s conftest.o
configure:22687: $? = 0
configure:22689: result: yes
configure:22707: checking whether our compiler supports __func__
configure:22730: gcc -c -g -O2 -Wall  conftest.c >&5
conftest.c: In function 'foo':
conftest.c:59: warning: unused variable 'cp'
configure:22736: $? = 0
configure:22743: test -z "$ac_c_werror_flag" || test ! -s conftest.err
configure:22746: $? = 0
configure:22753: test -s conftest.o
configure:22756: $? = 0
configure:22758: result: yes
configure:22980: creating ./config.status

## ---------------------- ##
## Running config.status. ##
## ---------------------- ##

This file was extended by config.status, which was
generated by GNU Autoconf 2.60.  Invocation command line was

  CONFIG_FILES    = 
  CONFIG_HEADERS  = 
  CONFIG_LINKS    = 
  CONFIG_COMMANDS = 
  $ ./config.status 

on vatu.n2systems.com

config.status:654: creating Makefile
config.status:654: creating test/Makefile
config.status:654: creating sample/Makefile
config.status:654: creating config.h
config.status:917: config.h is unchanged
config.status:963: executing depfiles commands

## ---------------- ##
## Cache variables. ##
## ---------------- ##

ac_cv_build=powerpc-apple-darwin8.9.0
ac_cv_c_compiler_gnu=yes
ac_cv_c_const=yes
ac_cv_c_inline=inline
ac_cv_cxx_compiler_gnu=yes
ac_cv_env_CCC_set=
ac_cv_env_CCC_value=
ac_cv_env_CC_set=
ac_cv_env_CC_value=
ac_cv_env_CFLAGS_set=
ac_cv_env_CFLAGS_value=
ac_cv_env_CPPFLAGS_set=
ac_cv_env_CPPFLAGS_value=
ac_cv_env_CPP_set=
ac_cv_env_CPP_value=
ac_cv_env_CXXCPP_set=
ac_cv_env_CXXCPP_value=
ac_cv_env_CXXFLAGS_set=
ac_cv_env_CXXFLAGS_value=
ac_cv_env_CXX_set=
ac_cv_env_CXX_value=
ac_cv_env_F77_set=
ac_cv_env_F77_value=
ac_cv_env_FFLAGS_set=
ac_cv_env_FFLAGS_value=
ac_cv_env_LDFLAGS_set=
ac_cv_env_LDFLAGS_value=
ac_cv_env_build_alias_set=
ac_cv_env_build_alias_value=
ac_cv_env_host_alias_set=
ac_cv_env_host_alias_value=
ac_cv_env_target_alias_set=
ac_cv_env_target_alias_value=
ac_cv_f77_compiler_gnu=no
ac_cv_func_clock_gettime=no
ac_cv_func_epoll_ctl=no
ac_cv_func_fcntl=yes
ac_cv_func_getaddrinfo=yes
ac_cv_func_getnameinfo=yes
ac_cv_func_gettimeofday=yes
ac_cv_func_inet_ntop=yes
ac_cv_func_kqueue=yes
ac_cv_func_poll=yes
ac_cv_func_port_create=no
ac_cv_func_select=yes
ac_cv_func_strlcpy=yes
ac_cv_func_strsep=yes
ac_cv_func_strtok_r=yes
ac_cv_func_vasprintf=yes
ac_cv_header_dlfcn_h=yes
ac_cv_header_fcntl_h=yes
ac_cv_header_inttypes_h=yes
ac_cv_header_memory_h=yes
ac_cv_header_netinet_in6_h=no
ac_cv_header_poll_h=yes
ac_cv_header_port_h=no
ac_cv_header_signal_h=yes
ac_cv_header_stdarg_h=yes
ac_cv_header_stdc=yes
ac_cv_header_stdint_h=yes
ac_cv_header_stdlib_h=yes
ac_cv_header_string_h=yes
ac_cv_header_strings_h=yes
ac_cv_header_sys_devpoll_h=no
ac_cv_header_sys_epoll_h=no
ac_cv_header_sys_event_h=yes
ac_cv_header_sys_ioctl_h=yes
ac_cv_header_sys_queue_h=yes
ac_cv_header_sys_stat_h=yes
ac_cv_header_sys_time_h=yes
ac_cv_header_sys_types_h=yes
ac_cv_header_time=yes
ac_cv_header_unistd_h=yes
ac_cv_host=powerpc-apple-darwin8.9.0
ac_cv_lib_socket_socket=no
ac_cv_objext=o
ac_cv_path_EGREP='/usr/bin/grep -E'
ac_cv_path_GREP=/usr/bin/grep
ac_cv_path_install='/usr/bin/install -c'
ac_cv_prog_AWK=awk
ac_cv_prog_CPP='gcc -E'
ac_cv_prog_CXXCPP='g++ -E'
ac_cv_prog_ac_ct_AR=ar
ac_cv_prog_ac_ct_CC=gcc
ac_cv_prog_ac_ct_CXX=g++
ac_cv_prog_ac_ct_RANLIB=ranlib
ac_cv_prog_ac_ct_STRIP=strip
ac_cv_prog_cc_c89=
ac_cv_prog_cc_g=yes
ac_cv_prog_cxx_g=yes
ac_cv_prog_f77_g=no
ac_cv_prog_gcc_traditional=no
ac_cv_prog_make_make_set=yes
ac_cv_type_pid_t=yes
ac_cv_type_size_t=yes
ac_cv_type_struct_in6_addr=yes
ac_cv_type_u_int16_t=yes
ac_cv_type_u_int32_t=yes
ac_cv_type_u_int64_t=yes
ac_cv_type_u_int8_t=yes
am_cv_CC_dependencies_compiler_type=none
am_cv_CXX_dependencies_compiler_type=none
lt_cv_deplibs_check_method=pass_all
lt_cv_file_magic_cmd='$MAGIC_CMD'
lt_cv_file_magic_test_file=
lt_cv_ld_reload_flag=-r
lt_cv_objdir=.libs
lt_cv_path_LD=/usr/bin/ld
lt_cv_path_LDCXX=/usr/bin/ld
lt_cv_path_NM='/usr/bin/nm -p'
lt_cv_path_SED=/usr/bin/sed
lt_cv_prog_compiler_c_o=yes
lt_cv_prog_compiler_c_o_CXX=yes
lt_cv_prog_compiler_rtti_exceptions=no
lt_cv_prog_gnu_ld=no
lt_cv_prog_gnu_ldcxx=no
lt_cv_sys_global_symbol_pipe='sed -n -e '\''s/^.*[ 	]\([BCDEGRST][BCDEGRST]*\)[ 	][ 	]*_\([_A-Za-z][_A-Za-z0-9]*\)$/\1 _\2 \2/p'\'''
lt_cv_sys_global_symbol_to_c_name_address='sed -n -e '\''s/^: \([^ ]*\) $/  {\"\1\", (lt_ptr) 0},/p'\'' -e '\''s/^[BCDEGRST] \([^ ]*\) \([^ ]*\)$/  {"\2", (lt_ptr) \&\2},/p'\'''
lt_cv_sys_global_symbol_to_cdecl='sed -n -e '\''s/^. .* \(.*\)$/extern int \1;/p'\'''
lt_cv_sys_max_cmd_len=196608
lt_lt_cv_prog_compiler_c_o='"yes"'
lt_lt_cv_prog_compiler_c_o_CXX='"yes"'
lt_lt_cv_sys_global_symbol_pipe='"sed -n -e '\''s/^.*[ 	]\\([BCDEGRST][BCDEGRST]*\\)[ 	][ 	]*_\\([_A-Za-z][_A-Za-z0-9]*\\)\$/\\1 _\\2 \\2/p'\''"'
lt_lt_cv_sys_global_symbol_to_c_name_address='"sed -n -e '\''s/^: \\([^ ]*\\) \$/  {\\\"\\1\\\", (lt_ptr) 0},/p'\'' -e '\''s/^[BCDEGRST] \\([^ ]*\\) \\([^ ]*\\)\$/  {\"\\2\", (lt_ptr) \\&\\2},/p'\''"'
lt_lt_cv_sys_global_symbol_to_cdecl='"sed -n -e '\''s/^. .* \\(.*\\)\$/extern int \\1;/p'\''"'

## ----------------- ##
## Output variables. ##
## ----------------- ##

ACLOCAL='${SHELL} /Users/evan/projects/rbx-branches/event/shotgun/external_libs/libevent/missing --run aclocal-1.9'
AMDEPBACKSLASH='\'
AMDEP_FALSE='#'
AMDEP_TRUE=''
AMTAR='${SHELL} /Users/evan/projects/rbx-branches/event/shotgun/external_libs/libevent/missing --run tar'
AR='ar'
AUTOCONF='${SHELL} /Users/evan/projects/rbx-branches/event/shotgun/external_libs/libevent/missing --run autoconf'
AUTOHEADER='${SHELL} /Users/evan/projects/rbx-branches/event/shotgun/external_libs/libevent/missing --run autoheader'
AUTOMAKE='${SHELL} /Users/evan/projects/rbx-branches/event/shotgun/external_libs/libevent/missing --run automake-1.9'
AWK='awk'
BUILD_WIN32_FALSE=''
BUILD_WIN32_TRUE='#'
CC='gcc'
CCDEPMODE='depmode=none'
CFLAGS='-g -O2 -Wall'
CPP='gcc -E'
CPPFLAGS=''
CXX='g++'
CXXCPP='g++ -E'
CXXDEPMODE='depmode=none'
CXXFLAGS='-g -O2'
CYGPATH_W='echo'
DEFS='-DHAVE_CONFIG_H'
DEPDIR='.deps'
ECHO='echo'
ECHO_C=''
ECHO_N='-n'
ECHO_T=''
EGREP='/usr/bin/grep -E'
EXEEXT=''
F77=''
FFLAGS=''
GREP='/usr/bin/grep'
INSTALL_DATA='${INSTALL} -m 644'
INSTALL_PROGRAM='${INSTALL}'
INSTALL_SCRIPT='${INSTALL}'
INSTALL_STRIP_PROGRAM='${SHELL} $(install_sh) -c -s'
LDFLAGS=''
LIBOBJS=' ${LIBOBJDIR}select$U.o ${LIBOBJDIR}poll$U.o ${LIBOBJDIR}kqueue$U.o ${LIBOBJDIR}signal$U.o'
LIBS=''
LIBTOOL='$(SHELL) $(top_builddir)/libtool'
LIBTOOL_DEPS='./ltmain.sh'
LN_S='ln -s'
LTLIBOBJS=' ${LIBOBJDIR}select$U.lo ${LIBOBJDIR}poll$U.lo ${LIBOBJDIR}kqueue$U.lo ${LIBOBJDIR}signal$U.lo'
MAINT='#'
MAINTAINER_MODE_FALSE=''
MAINTAINER_MODE_TRUE='#'
MAKEINFO='${SHELL} /Users/evan/projects/rbx-branches/event/shotgun/external_libs/libevent/missing --run makeinfo'
OBJEXT='o'
PACKAGE='libevent'
PACKAGE_BUGREPORT=''
PACKAGE_NAME=''
PACKAGE_STRING=''
PACKAGE_TARNAME=''
PACKAGE_VERSION=''
PATH_SEPARATOR=':'
RANLIB='ranlib'
SET_MAKE=''
SHELL='/bin/sh'
STRIP='strip'
VERSION='1.3b'
ac_ct_CC='gcc'
ac_ct_CXX='g++'
ac_ct_F77=''
am__fastdepCC_FALSE=''
am__fastdepCC_TRUE='#'
am__fastdepCXX_FALSE=''
am__fastdepCXX_TRUE='#'
am__include='include'
am__leading_dot='.'
am__quote=''
am__tar='${AMTAR} chof - "$$tardir"'
am__untar='${AMTAR} xf -'
bindir='${exec_prefix}/bin'
build='powerpc-apple-darwin8.9.0'
build_alias=''
build_cpu='powerpc'
build_os='darwin8.9.0'
build_vendor='apple'
datadir='${datarootdir}'
datarootdir='${prefix}/share'
docdir='${datarootdir}/doc/${PACKAGE}'
dvidir='${docdir}'
exec_prefix='${prefix}'
host='powerpc-apple-darwin8.9.0'
host_alias=''
host_cpu='powerpc'
host_os='darwin8.9.0'
host_vendor='apple'
htmldir='${docdir}'
includedir='${prefix}/include'
infodir='${datarootdir}/info'
install_sh='/Users/evan/projects/rbx-branches/event/shotgun/external_libs/libevent/install-sh'
libdir='${exec_prefix}/lib'
libexecdir='${exec_prefix}/libexec'
localedir='${datarootdir}/locale'
localstatedir='${prefix}/var'
mandir='${datarootdir}/man'
mkdir_p='$(mkinstalldirs)'
oldincludedir='/usr/include'
pdfdir='${docdir}'
prefix='/usr/local'
program_transform_name='s,x,x,'
psdir='${docdir}'
sbindir='${exec_prefix}/sbin'
sharedstatedir='${prefix}/com'
sysconfdir='${prefix}/etc'
target_alias=''

## ----------- ##
## confdefs.h. ##
## ----------- ##

#define PACKAGE_NAME ""
#define PACKAGE_TARNAME ""
#define PACKAGE_VERSION ""
#define PACKAGE_STRING ""
#define PACKAGE_BUGREPORT ""
#define PACKAGE "libevent"
#define VERSION "1.3b"
#define STDC_HEADERS 1
#define HAVE_SYS_TYPES_H 1
#define HAVE_SYS_STAT_H 1
#define HAVE_STDLIB_H 1
#define HAVE_STRING_H 1
#define HAVE_MEMORY_H 1
#define HAVE_STRINGS_H 1
#define HAVE_INTTYPES_H 1
#define HAVE_STDINT_H 1
#define HAVE_UNISTD_H 1
#define HAVE_DLFCN_H 1
#define STDC_HEADERS 1
#define HAVE_FCNTL_H 1
#define HAVE_STDARG_H 1
#define HAVE_INTTYPES_H 1
#define HAVE_STDINT_H 1
#define HAVE_POLL_H 1
#define HAVE_SIGNAL_H 1
#define HAVE_UNISTD_H 1
#define HAVE_SYS_TIME_H 1
#define HAVE_SYS_QUEUE_H 1
#define HAVE_SYS_EVENT_H 1
#define HAVE_SYS_IOCTL_H 1
#define HAVE_TAILQFOREACH 1
#define HAVE_TIMERADD 1
#define HAVE_TIMERCMP 1
#define HAVE_TIMERCLEAR 1
#define HAVE_TIMERISSET 1
#define TIME_WITH_SYS_TIME 1
#define HAVE_GETTIMEOFDAY 1
#define HAVE_VASPRINTF 1
#define HAVE_FCNTL 1
#define HAVE_STRTOK_R 1
#define HAVE_STRSEP 1
#define HAVE_GETADDRINFO 1
#define HAVE_GETNAMEINFO 1
#define HAVE_STRLCPY 1
#define HAVE_INET_NTOP 1
#define DNS_USE_GETTIMEOFDAY_FOR_ID 1
#define HAVE_SETFD 1
#define HAVE_SELECT 1
#define HAVE_POLL 1
#define HAVE_KQUEUE 1
#define HAVE_WORKING_KQUEUE 1
#define HAVE_STRUCT_IN6_ADDR 1

configure: exit 0
